<?xml version="1.0" encoding="UTF-8"?>
<testsuite name="com.group.libraryapp.JUnitTest" tests="2" skipped="0" failures="0" errors="0" timestamp="2023-03-05T11:32:59" hostname="Seunghwaui-MacBookAir.local" time="0.025">
  <properties/>
  <testcase name="test1()" classname="com.group.libraryapp.JUnitTest" time="0.022"/>
  <testcase name="test2()" classname="com.group.libraryapp.JUnitTest" time="0.002"/>
  <system-out><![CDATA[각 테스트 시작 전
test1
각 테스트 시작 후
각 테스트 시작 전
test2
각 테스트 시작 후
]]></system-out>
  <system-err><![CDATA[]]></system-err>
</testsuite>
